{"C:\\Users\\91970\\satvik\\study\\coding\\WORKSHOPS AND HACKATHON\\promptwars\\promptwars\\backend\\src\\app.js": {"path":"C:\\Users\\91970\\satvik\\study\\coding\\WORKSHOPS AND HACKATHON\\promptwars\\promptwars\\backend\\src\\app.js","statementMap":{"0":{"start":{"line":1,"column":16},"end":{"line":1,"column":34}},"1":{"start":{"line":2,"column":13},"end":{"line":2,"column":28}},"2":{"start":{"line":3,"column":13},"end":{"line":3,"column":28}},"3":{"start":{"line":4,"column":15},"end":{"line":4,"column":32}},"4":{"start":{"line":5,"column":20},"end":{"line":5,"column":42}},"5":{"start":{"line":6,"column":21},"end":{"line":6,"column":47}},"6":{"start":{"line":7,"column":23},"end":{"line":7,"column":51}},"7":{"start":{"line":8,"column":27},"end":{"line":8,"column":58}},"8":{"start":{"line":10,"column":12},"end":{"line":10,"column":21}},"9":{"start":{"line":17,"column":0},"end":{"line":17,"column":50}},"10":{"start":{"line":18,"column":0},"end":{"line":18,"column":23}},"11":{"start":{"line":19,"column":0},"end":{"line":19,"column":16}},"12":{"start":{"line":20,"column":0},"end":{"line":20,"column":24}},"13":{"start":{"line":23,"column":0},"end":{"line":25,"column":1}},"14":{"start":{"line":24,"column":4},"end":{"line":24,"column":21}},"15":{"start":{"line":28,"column":0},"end":{"line":28,"column":105}},"16":{"start":{"line":28,"column":37},"end":{"line":28,"column":103}},"17":{"start":{"line":29,"column":0},"end":{"line":29,"column":37}},"18":{"start":{"line":30,"column":0},"end":{"line":30,"column":45}},"19":{"start":{"line":31,"column":0},"end":{"line":31,"column":41}},"20":{"start":{"line":36,"column":19},"end":{"line":36,"column":52}},"21":{"start":{"line":37,"column":0},"end":{"line":37,"column":36}},"22":{"start":{"line":40,"column":0},"end":{"line":42,"column":3}},"23":{"start":{"line":41,"column":4},"end":{"line":41,"column":54}},"24":{"start":{"line":44,"column":0},"end":{"line":44,"column":21}}},"fnMap":{"0":{"name":"(anonymous_0)","decl":{"start":{"line":28,"column":23},"end":{"line":28,"column":24}},"loc":{"start":{"line":28,"column":37},"end":{"line":28,"column":103}},"line":28},"1":{"name":"(anonymous_1)","decl":{"start":{"line":40,"column":13},"end":{"line":40,"column":14}},"loc":{"start":{"line":40,"column":27},"end":{"line":42,"column":1}},"line":40}},"branchMap":{"0":{"loc":{"start":{"line":23,"column":0},"end":{"line":25,"column":1}},"type":"if","locations":[{"start":{"line":23,"column":0},"end":{"line":25,"column":1}},{"start":{},"end":{}}],"line":23}},"s":{"0":2,"1":2,"2":2,"3":2,"4":2,"5":2,"6":2,"7":2,"8":2,"9":2,"10":2,"11":2,"12":2,"13":2,"14":0,"15":2,"16":2,"17":2,"18":2,"19":2,"20":2,"21":2,"22":2,"23":0,"24":2},"f":{"0":2,"1":0},"b":{"0":[0,2]},"_coverageSchema":"1a1c01bbd47fc00a2c39e90264f33305004495a9","hash":"9b2bd1ed0017acb95b78c3de74b9ea8aacccd5fd"}
,"C:\\Users\\91970\\satvik\\study\\coding\\WORKSHOPS AND HACKATHON\\promptwars\\promptwars\\backend\\src\\routes\\platform.js": {"path":"C:\\Users\\91970\\satvik\\study\\coding\\WORKSHOPS AND HACKATHON\\promptwars\\promptwars\\backend\\src\\routes\\platform.js","statementMap":{"0":{"start":{"line":1,"column":16},"end":{"line":1,"column":34}},"1":{"start":{"line":2,"column":15},"end":{"line":2,"column":31}},"2":{"start":{"line":3,"column":14},"end":{"line":3,"column":42}},"3":{"start":{"line":4,"column":18},"end":{"line":4,"column":47}},"4":{"start":{"line":5,"column":35},"end":{"line":5,"column":63}},"5":{"start":{"line":7,"column":19},"end":{"line":11,"column":2}},"6":{"start":{"line":13,"column":22},"end":{"line":17,"column":1}},"7":{"start":{"line":14,"column":19},"end":{"line":14,"column":40}},"8":{"start":{"line":15,"column":4},"end":{"line":15,"column":83}},"9":{"start":{"line":15,"column":27},"end":{"line":15,"column":83}},"10":{"start":{"line":16,"column":4},"end":{"line":16,"column":11}},"11":{"start":{"line":20,"column":0},"end":{"line":23,"column":3}},"12":{"start":{"line":21,"column":19},"end":{"line":21,"column":85}},"13":{"start":{"line":21,"column":59},"end":{"line":21,"column":84}},"14":{"start":{"line":22,"column":4},"end":{"line":22,"column":21}},"15":{"start":{"line":25,"column":0},"end":{"line":39,"column":3}},"16":{"start":{"line":30,"column":24},"end":{"line":30,"column":32}},"17":{"start":{"line":32,"column":28},"end":{"line":36,"column":5}},"18":{"start":{"line":37,"column":4},"end":{"line":37,"column":46}},"19":{"start":{"line":38,"column":4},"end":{"line":38,"column":42}},"20":{"start":{"line":41,"column":0},"end":{"line":45,"column":3}},"21":{"start":{"line":42,"column":15},"end":{"line":42,"column":38}},"22":{"start":{"line":43,"column":4},"end":{"line":43,"column":71}},"23":{"start":{"line":43,"column":58},"end":{"line":43,"column":69}},"24":{"start":{"line":44,"column":4},"end":{"line":44,"column":44}},"25":{"start":{"line":48,"column":0},"end":{"line":51,"column":3}},"26":{"start":{"line":49,"column":19},"end":{"line":49,"column":78}},"27":{"start":{"line":49,"column":52},"end":{"line":49,"column":77}},"28":{"start":{"line":50,"column":4},"end":{"line":50,"column":21}},"29":{"start":{"line":53,"column":0},"end":{"line":70,"column":3}},"30":{"start":{"line":58,"column":45},"end":{"line":58,"column":53}},"31":{"start":{"line":60,"column":21},"end":{"line":67,"column":5}},"32":{"start":{"line":68,"column":4},"end":{"line":68,"column":32}},"33":{"start":{"line":69,"column":4},"end":{"line":69,"column":35}},"34":{"start":{"line":72,"column":0},"end":{"line":81,"column":3}},"35":{"start":{"line":73,"column":15},"end":{"line":73,"column":38}},"36":{"start":{"line":74,"column":23},"end":{"line":74,"column":31}},"37":{"start":{"line":76,"column":18},"end":{"line":76,"column":53}},"38":{"start":{"line":76,"column":41},"end":{"line":76,"column":52}},"39":{"start":{"line":77,"column":4},"end":{"line":77,"column":74}},"40":{"start":{"line":77,"column":16},"end":{"line":77,"column":74}},"41":{"start":{"line":79,"column":4},"end":{"line":79,"column":26}},"42":{"start":{"line":80,"column":4},"end":{"line":80,"column":20}},"43":{"start":{"line":84,"column":0},"end":{"line":87,"column":3}},"44":{"start":{"line":85,"column":19},"end":{"line":85,"column":78}},"45":{"start":{"line":85,"column":52},"end":{"line":85,"column":77}},"46":{"start":{"line":86,"column":4},"end":{"line":86,"column":21}},"47":{"start":{"line":89,"column":0},"end":{"line":96,"column":3}},"48":{"start":{"line":90,"column":15},"end":{"line":90,"column":38}},"49":{"start":{"line":91,"column":23},"end":{"line":91,"column":31}},"50":{"start":{"line":92,"column":18},"end":{"line":92,"column":53}},"51":{"start":{"line":92,"column":41},"end":{"line":92,"column":52}},"52":{"start":{"line":93,"column":4},"end":{"line":93,"column":74}},"53":{"start":{"line":93,"column":16},"end":{"line":93,"column":74}},"54":{"start":{"line":94,"column":4},"end":{"line":94,"column":26}},"55":{"start":{"line":95,"column":4},"end":{"line":95,"column":20}},"56":{"start":{"line":99,"column":0},"end":{"line":123,"column":3}},"57":{"start":{"line":107,"column":50},"end":{"line":107,"column":58}},"58":{"start":{"line":110,"column":21},"end":{"line":119,"column":5}},"59":{"start":{"line":121,"column":4},"end":{"line":121,"column":32}},"60":{"start":{"line":122,"column":4},"end":{"line":122,"column":35}},"61":{"start":{"line":126,"column":0},"end":{"line":128,"column":3}},"62":{"start":{"line":127,"column":4},"end":{"line":127,"column":30}},"63":{"start":{"line":131,"column":0},"end":{"line":150,"column":3}},"64":{"start":{"line":133,"column":4},"end":{"line":136,"column":6}},"65":{"start":{"line":137,"column":4},"end":{"line":137,"column":22}},"66":{"start":{"line":138,"column":4},"end":{"line":144,"column":6}},"67":{"start":{"line":145,"column":4},"end":{"line":145,"column":29}},"68":{"start":{"line":146,"column":4},"end":{"line":146,"column":26}},"69":{"start":{"line":147,"column":4},"end":{"line":147,"column":28}},"70":{"start":{"line":149,"column":4},"end":{"line":149,"column":81}},"71":{"start":{"line":152,"column":0},"end":{"line":152,"column":24}}},"fnMap":{"0":{"name":"(anonymous_0)","decl":{"start":{"line":13,"column":22},"end":{"line":13,"column":23}},"loc":{"start":{"line":13,"column":42},"end":{"line":17,"column":1}},"line":13},"1":{"name":"(anonymous_1)","decl":{"start":{"line":20,"column":29},"end":{"line":20,"column":30}},"loc":{"start":{"line":20,"column":43},"end":{"line":23,"column":1}},"line":20},"2":{"name":"(anonymous_2)","decl":{"start":{"line":21,"column":49},"end":{"line":21,"column":50}},"loc":{"start":{"line":21,"column":59},"end":{"line":21,"column":84}},"line":21},"3":{"name":"(anonymous_3)","decl":{"start":{"line":29,"column":4},"end":{"line":29,"column":5}},"loc":{"start":{"line":29,"column":18},"end":{"line":39,"column":1}},"line":29},"4":{"name":"(anonymous_4)","decl":{"start":{"line":41,"column":36},"end":{"line":41,"column":37}},"loc":{"start":{"line":41,"column":50},"end":{"line":45,"column":1}},"line":41},"5":{"name":"(anonymous_5)","decl":{"start":{"line":43,"column":53},"end":{"line":43,"column":54}},"loc":{"start":{"line":43,"column":58},"end":{"line":43,"column":69}},"line":43},"6":{"name":"(anonymous_6)","decl":{"start":{"line":48,"column":22},"end":{"line":48,"column":23}},"loc":{"start":{"line":48,"column":36},"end":{"line":51,"column":1}},"line":48},"7":{"name":"(anonymous_7)","decl":{"start":{"line":49,"column":42},"end":{"line":49,"column":43}},"loc":{"start":{"line":49,"column":52},"end":{"line":49,"column":77}},"line":49},"8":{"name":"(anonymous_8)","decl":{"start":{"line":57,"column":4},"end":{"line":57,"column":5}},"loc":{"start":{"line":57,"column":18},"end":{"line":70,"column":1}},"line":57},"9":{"name":"(anonymous_9)","decl":{"start":{"line":72,"column":35},"end":{"line":72,"column":36}},"loc":{"start":{"line":72,"column":49},"end":{"line":81,"column":1}},"line":72},"10":{"name":"(anonymous_10)","decl":{"start":{"line":76,"column":36},"end":{"line":76,"column":37}},"loc":{"start":{"line":76,"column":41},"end":{"line":76,"column":52}},"line":76},"11":{"name":"(anonymous_11)","decl":{"start":{"line":84,"column":22},"end":{"line":84,"column":23}},"loc":{"start":{"line":84,"column":36},"end":{"line":87,"column":1}},"line":84},"12":{"name":"(anonymous_12)","decl":{"start":{"line":85,"column":42},"end":{"line":85,"column":43}},"loc":{"start":{"line":85,"column":52},"end":{"line":85,"column":77}},"line":85},"13":{"name":"(anonymous_13)","decl":{"start":{"line":89,"column":35},"end":{"line":89,"column":36}},"loc":{"start":{"line":89,"column":49},"end":{"line":96,"column":1}},"line":89},"14":{"name":"(anonymous_14)","decl":{"start":{"line":92,"column":36},"end":{"line":92,"column":37}},"loc":{"start":{"line":92,"column":41},"end":{"line":92,"column":52}},"line":92},"15":{"name":"(anonymous_15)","decl":{"start":{"line":106,"column":4},"end":{"line":106,"column":5}},"loc":{"start":{"line":106,"column":18},"end":{"line":123,"column":1}},"line":106},"16":{"name":"(anonymous_16)","decl":{"start":{"line":126,"column":21},"end":{"line":126,"column":22}},"loc":{"start":{"line":126,"column":35},"end":{"line":128,"column":1}},"line":126},"17":{"name":"(anonymous_17)","decl":{"start":{"line":131,"column":22},"end":{"line":131,"column":23}},"loc":{"start":{"line":131,"column":36},"end":{"line":150,"column":1}},"line":131}},"branchMap":{"0":{"loc":{"start":{"line":15,"column":4},"end":{"line":15,"column":83}},"type":"if","locations":[{"start":{"line":15,"column":4},"end":{"line":15,"column":83}},{"start":{},"end":{}}],"line":15},"1":{"loc":{"start":{"line":64,"column":21},"end":{"line":64,"column":37}},"type":"binary-expr","locations":[{"start":{"line":64,"column":21},"end":{"line":64,"column":32}},{"start":{"line":64,"column":36},"end":{"line":64,"column":37}}],"line":64},"2":{"loc":{"start":{"line":77,"column":4},"end":{"line":77,"column":74}},"type":"if","locations":[{"start":{"line":77,"column":4},"end":{"line":77,"column":74}},{"start":{},"end":{}}],"line":77},"3":{"loc":{"start":{"line":93,"column":4},"end":{"line":93,"column":74}},"type":"if","locations":[{"start":{"line":93,"column":4},"end":{"line":93,"column":74}},{"start":{},"end":{}}],"line":93}},"s":{"0":2,"1":2,"2":2,"3":2,"4":2,"5":2,"6":2,"7":2,"8":2,"9":1,"10":1,"11":2,"12":1,"13":1,"14":1,"15":2,"16":1,"17":1,"18":1,"19":1,"20":2,"21":0,"22":0,"23":0,"24":0,"25":2,"26":0,"27":0,"28":0,"29":2,"30":0,"31":0,"32":0,"33":0,"34":2,"35":0,"36":0,"37":0,"38":0,"39":0,"40":0,"41":0,"42":0,"43":2,"44":0,"45":0,"46":0,"47":2,"48":0,"49":0,"50":0,"51":0,"52":0,"53":0,"54":0,"55":0,"56":2,"57":0,"58":0,"59":0,"60":0,"61":2,"62":0,"63":2,"64":0,"65":0,"66":0,"67":0,"68":0,"69":0,"70":0,"71":2},"f":{"0":2,"1":1,"2":1,"3":1,"4":0,"5":0,"6":0,"7":0,"8":0,"9":0,"10":0,"11":0,"12":0,"13":0,"14":0,"15":0,"16":0,"17":0},"b":{"0":[1,1],"1":[0,0],"2":[0,0],"3":[0,0]},"_coverageSchema":"1a1c01bbd47fc00a2c39e90264f33305004495a9","hash":"d3ff5d7b4068f6b1e9e19833e1f667f4689aad96"}
,"C:\\Users\\91970\\satvik\\study\\coding\\WORKSHOPS AND HACKATHON\\promptwars\\promptwars\\backend\\src\\routes\\status.js": {"path":"C:\\Users\\91970\\satvik\\study\\coding\\WORKSHOPS AND HACKATHON\\promptwars\\promptwars\\backend\\src\\routes\\status.js","statementMap":{"0":{"start":{"line":1,"column":16},"end":{"line":1,"column":34}},"1":{"start":{"line":2,"column":15},"end":{"line":2,"column":31}},"2":{"start":{"line":3,"column":26},"end":{"line":3,"column":58}},"3":{"start":{"line":4,"column":26},"end":{"line":4,"column":58}},"4":{"start":{"line":7,"column":0},"end":{"line":14,"column":3}},"5":{"start":{"line":8,"column":4},"end":{"line":13,"column":5}},"6":{"start":{"line":9,"column":22},"end":{"line":9,"column":37}},"7":{"start":{"line":10,"column":8},"end":{"line":10,"column":36}},"8":{"start":{"line":12,"column":8},"end":{"line":12,"column":80}},"9":{"start":{"line":17,"column":0},"end":{"line":29,"column":3}},"10":{"start":{"line":18,"column":4},"end":{"line":28,"column":5}},"11":{"start":{"line":19,"column":36},"end":{"line":19,"column":44}},"12":{"start":{"line":20,"column":22},"end":{"line":20,"column":37}},"13":{"start":{"line":21,"column":22},"end":{"line":21,"column":65}},"14":{"start":{"line":22,"column":8},"end":{"line":25,"column":11}},"15":{"start":{"line":27,"column":8},"end":{"line":27,"column":80}},"16":{"start":{"line":31,"column":0},"end":{"line":31,"column":24}}},"fnMap":{"0":{"name":"(anonymous_0)","decl":{"start":{"line":7,"column":22},"end":{"line":7,"column":23}},"loc":{"start":{"line":7,"column":36},"end":{"line":14,"column":1}},"line":7},"1":{"name":"(anonymous_1)","decl":{"start":{"line":17,"column":22},"end":{"line":17,"column":23}},"loc":{"start":{"line":17,"column":42},"end":{"line":29,"column":1}},"line":17}},"branchMap":{},"s":{"0":2,"1":2,"2":2,"3":2,"4":2,"5":2,"6":2,"7":2,"8":0,"9":2,"10":3,"11":3,"12":3,"13":3,"14":3,"15":0,"16":2},"f":{"0":2,"1":3},"b":{},"_coverageSchema":"1a1c01bbd47fc00a2c39e90264f33305004495a9","hash":"3a28ddb8c8da0dce71082c7d51343b1c6cd5ac2c"}
,"C:\\Users\\91970\\satvik\\study\\coding\\WORKSHOPS AND HACKATHON\\promptwars\\promptwars\\backend\\src\\services\\ai_engine.js": {"path":"C:\\Users\\91970\\satvik\\study\\coding\\WORKSHOPS AND HACKATHON\\promptwars\\promptwars\\backend\\src\\services\\ai_engine.js","statementMap":{"0":{"start":{"line":1,"column":31},"end":{"line":1,"column":63}},"1":{"start":{"line":2,"column":39},"end":{"line":2,"column":78}},"2":{"start":{"line":3,"column":15},"end":{"line":3,"column":47}},"3":{"start":{"line":5,"column":19},"end":{"line":5,"column":45}},"4":{"start":{"line":7,"column":20},"end":{"line":18,"column":1}},"5":{"start":{"line":8,"column":4},"end":{"line":8,"column":42}},"6":{"start":{"line":8,"column":22},"end":{"line":8,"column":42}},"7":{"start":{"line":9,"column":4},"end":{"line":17,"column":5}},"8":{"start":{"line":10,"column":21},"end":{"line":10,"column":83}},"9":{"start":{"line":11,"column":26},"end":{"line":11,"column":68}},"10":{"start":{"line":12,"column":8},"end":{"line":12,"column":55}},"11":{"start":{"line":13,"column":8},"end":{"line":13,"column":28}},"12":{"start":{"line":15,"column":8},"end":{"line":15,"column":71}},"13":{"start":{"line":16,"column":8},"end":{"line":16,"column":20}},"14":{"start":{"line":21,"column":22},"end":{"line":64,"column":1}},"15":{"start":{"line":22,"column":19},"end":{"line":22,"column":38}},"16":{"start":{"line":25,"column":4},"end":{"line":30,"column":5}},"17":{"start":{"line":26,"column":8},"end":{"line":29,"column":10}},"18":{"start":{"line":32,"column":4},"end":{"line":63,"column":5}},"19":{"start":{"line":33,"column":22},"end":{"line":33,"column":52}},"20":{"start":{"line":34,"column":22},"end":{"line":34,"column":77}},"21":{"start":{"line":36,"column":34},"end":{"line":39,"column":23}},"22":{"start":{"line":37,"column":32},"end":{"line":37,"column":49}},"23":{"start":{"line":38,"column":32},"end":{"line":38,"column":66}},"24":{"start":{"line":41,"column":23},"end":{"line":51,"column":9}},"25":{"start":{"line":53,"column":23},"end":{"line":53,"column":58}},"26":{"start":{"line":54,"column":29},"end":{"line":54,"column":58}},"27":{"start":{"line":56,"column":8},"end":{"line":59,"column":10}},"28":{"start":{"line":61,"column":8},"end":{"line":61,"column":56}},"29":{"start":{"line":62,"column":8},"end":{"line":62,"column":65}},"30":{"start":{"line":66,"column":0},"end":{"line":66,"column":35}}},"fnMap":{"0":{"name":"(anonymous_0)","decl":{"start":{"line":7,"column":20},"end":{"line":7,"column":21}},"loc":{"start":{"line":7,"column":32},"end":{"line":18,"column":1}},"line":7},"1":{"name":"(anonymous_1)","decl":{"start":{"line":21,"column":22},"end":{"line":21,"column":23}},"loc":{"start":{"line":21,"column":60},"end":{"line":64,"column":1}},"line":21},"2":{"name":"(anonymous_2)","decl":{"start":{"line":37,"column":20},"end":{"line":37,"column":21}},"loc":{"start":{"line":37,"column":32},"end":{"line":37,"column":49}},"line":37},"3":{"name":"(anonymous_3)","decl":{"start":{"line":38,"column":17},"end":{"line":38,"column":18}},"loc":{"start":{"line":38,"column":32},"end":{"line":38,"column":66}},"line":38}},"branchMap":{"0":{"loc":{"start":{"line":8,"column":4},"end":{"line":8,"column":42}},"type":"if","locations":[{"start":{"line":8,"column":4},"end":{"line":8,"column":42}},{"start":{},"end":{}}],"line":8},"1":{"loc":{"start":{"line":25,"column":4},"end":{"line":30,"column":5}},"type":"if","locations":[{"start":{"line":25,"column":4},"end":{"line":30,"column":5}},{"start":{},"end":{}}],"line":25},"2":{"loc":{"start":{"line":43,"column":36},"end":{"line":43,"column":64}},"type":"binary-expr","locations":[{"start":{"line":43,"column":36},"end":{"line":43,"column":51}},{"start":{"line":43,"column":55},"end":{"line":43,"column":64}}],"line":43},"3":{"loc":{"start":{"line":57,"column":23},"end":{"line":57,"column":43}},"type":"binary-expr","locations":[{"start":{"line":57,"column":23},"end":{"line":57,"column":35}},{"start":{"line":57,"column":39},"end":{"line":57,"column":43}}],"line":57}},"s":{"0":2,"1":2,"2":2,"3":2,"4":2,"5":3,"6":1,"7":2,"8":2,"9":2,"10":2,"11":2,"12":0,"13":0,"14":2,"15":3,"16":3,"17":0,"18":3,"19":3,"20":3,"21":3,"22":135,"23":63,"24":3,"25":3,"26":3,"27":3,"28":0,"29":0,"30":2},"f":{"0":3,"1":3,"2":135,"3":63},"b":{"0":[1,2],"1":[0,3],"2":[3,3],"3":[3,0]},"_coverageSchema":"1a1c01bbd47fc00a2c39e90264f33305004495a9","hash":"6744635a96a7fefe51cf0984c74b6712db905b43"}
,"C:\\Users\\91970\\satvik\\study\\coding\\WORKSHOPS AND HACKATHON\\promptwars\\promptwars\\backend\\src\\services\\simulator.js": {"path":"C:\\Users\\91970\\satvik\\study\\coding\\WORKSHOPS AND HACKATHON\\promptwars\\promptwars\\backend\\src\\services\\simulator.js","statementMap":{"0":{"start":{"line":1,"column":23},"end":{"line":6,"column":1}},"1":{"start":{"line":2,"column":4},"end":{"line":2,"column":35}},"2":{"start":{"line":2,"column":20},"end":{"line":2,"column":35}},"3":{"start":{"line":3,"column":4},"end":{"line":3,"column":37}},"4":{"start":{"line":3,"column":19},"end":{"line":3,"column":37}},"5":{"start":{"line":4,"column":4},"end":{"line":4,"column":34}},"6":{"start":{"line":4,"column":19},"end":{"line":4,"column":34}},"7":{"start":{"line":5,"column":4},"end":{"line":5,"column":19}},"8":{"start":{"line":8,"column":28},"end":{"line":41,"column":1}},"9":{"start":{"line":9,"column":17},"end":{"line":9,"column":19}},"10":{"start":{"line":10,"column":18},"end":{"line":15,"column":5}},"11":{"start":{"line":17,"column":4},"end":{"line":31,"column":7}},"12":{"start":{"line":18,"column":8},"end":{"line":18,"column":156}},"13":{"start":{"line":19,"column":8},"end":{"line":19,"column":156}},"14":{"start":{"line":21,"column":8},"end":{"line":21,"column":156}},"15":{"start":{"line":22,"column":8},"end":{"line":22,"column":156}},"16":{"start":{"line":23,"column":8},"end":{"line":23,"column":156}},"17":{"start":{"line":24,"column":8},"end":{"line":24,"column":156}},"18":{"start":{"line":26,"column":8},"end":{"line":26,"column":190}},"19":{"start":{"line":27,"column":8},"end":{"line":27,"column":188}},"20":{"start":{"line":29,"column":8},"end":{"line":29,"column":188}},"21":{"start":{"line":30,"column":8},"end":{"line":30,"column":191}},"22":{"start":{"line":33,"column":4},"end":{"line":33,"column":133}},"23":{"start":{"line":34,"column":4},"end":{"line":34,"column":138}},"24":{"start":{"line":35,"column":4},"end":{"line":35,"column":134}},"25":{"start":{"line":36,"column":4},"end":{"line":36,"column":109}},"26":{"start":{"line":38,"column":4},"end":{"line":38,"column":123}},"27":{"start":{"line":40,"column":4},"end":{"line":40,"column":16}},"28":{"start":{"line":43,"column":17},"end":{"line":43,"column":38}},"29":{"start":{"line":45,"column":14},"end":{"line":45,"column":32}},"30":{"start":{"line":47,"column":23},"end":{"line":124,"column":1}},"31":{"start":{"line":49,"column":4},"end":{"line":62,"column":13}},"32":{"start":{"line":50,"column":21},"end":{"line":50,"column":44}},"33":{"start":{"line":51,"column":26},"end":{"line":51,"column":71}},"34":{"start":{"line":52,"column":8},"end":{"line":52,"column":58}},"35":{"start":{"line":52,"column":51},"end":{"line":52,"column":58}},"36":{"start":{"line":54,"column":23},"end":{"line":54,"column":56}},"37":{"start":{"line":55,"column":22},"end":{"line":55,"column":65}},"38":{"start":{"line":57,"column":8},"end":{"line":57,"column":37}},"39":{"start":{"line":57,"column":25},"end":{"line":57,"column":37}},"40":{"start":{"line":58,"column":8},"end":{"line":58,"column":39}},"41":{"start":{"line":58,"column":26},"end":{"line":58,"column":39}},"42":{"start":{"line":60,"column":8},"end":{"line":60,"column":53}},"43":{"start":{"line":61,"column":8},"end":{"line":61,"column":63}},"44":{"start":{"line":65,"column":4},"end":{"line":108,"column":13}},"45":{"start":{"line":66,"column":8},"end":{"line":66,"column":37}},"46":{"start":{"line":66,"column":30},"end":{"line":66,"column":37}},"47":{"start":{"line":69,"column":24},"end":{"line":69,"column":68}},"48":{"start":{"line":72,"column":8},"end":{"line":78,"column":9}},"49":{"start":{"line":73,"column":12},"end":{"line":73,"column":43}},"50":{"start":{"line":74,"column":12},"end":{"line":74,"column":43}},"51":{"start":{"line":75,"column":12},"end":{"line":75,"column":42}},"52":{"start":{"line":76,"column":12},"end":{"line":76,"column":57}},"53":{"start":{"line":77,"column":12},"end":{"line":77,"column":19}},"54":{"start":{"line":81,"column":24},"end":{"line":81,"column":48}},"55":{"start":{"line":82,"column":26},"end":{"line":82,"column":77}},"56":{"start":{"line":84,"column":30},"end":{"line":84,"column":75}},"57":{"start":{"line":85,"column":8},"end":{"line":85,"column":26}},"58":{"start":{"line":88,"column":8},"end":{"line":90,"column":9}},"59":{"start":{"line":89,"column":12},"end":{"line":89,"column":25}},"60":{"start":{"line":92,"column":8},"end":{"line":92,"column":54}},"61":{"start":{"line":94,"column":8},"end":{"line":94,"column":26}},"62":{"start":{"line":95,"column":8},"end":{"line":98,"column":9}},"63":{"start":{"line":96,"column":12},"end":{"line":96,"column":30}},"64":{"start":{"line":97,"column":12},"end":{"line":97,"column":29}},"65":{"start":{"line":99,"column":8},"end":{"line":99,"column":66}},"66":{"start":{"line":102,"column":8},"end":{"line":107,"column":9}},"67":{"start":{"line":103,"column":12},"end":{"line":103,"column":52}},"68":{"start":{"line":104,"column":12},"end":{"line":104,"column":30}},"69":{"start":{"line":106,"column":12},"end":{"line":106,"column":51}},"70":{"start":{"line":111,"column":4},"end":{"line":123,"column":27}},"71":{"start":{"line":112,"column":8},"end":{"line":112,"column":70}},"72":{"start":{"line":113,"column":8},"end":{"line":113,"column":26}},"73":{"start":{"line":114,"column":8},"end":{"line":117,"column":10}},"74":{"start":{"line":118,"column":8},"end":{"line":118,"column":91}},"75":{"start":{"line":118,"column":48},"end":{"line":118,"column":89}},"76":{"start":{"line":119,"column":8},"end":{"line":122,"column":10}},"77":{"start":{"line":126,"column":0},"end":{"line":129,"column":2}},"78":{"start":{"line":127,"column":25},"end":{"line":127,"column":35}}},"fnMap":{"0":{"name":"(anonymous_0)","decl":{"start":{"line":1,"column":23},"end":{"line":1,"column":24}},"loc":{"start":{"line":1,"column":33},"end":{"line":6,"column":1}},"line":1},"1":{"name":"(anonymous_1)","decl":{"start":{"line":8,"column":28},"end":{"line":8,"column":29}},"loc":{"start":{"line":8,"column":34},"end":{"line":41,"column":1}},"line":8},"2":{"name":"(anonymous_2)","decl":{"start":{"line":17,"column":18},"end":{"line":17,"column":19}},"loc":{"start":{"line":17,"column":23},"end":{"line":31,"column":5}},"line":17},"3":{"name":"(anonymous_3)","decl":{"start":{"line":47,"column":23},"end":{"line":47,"column":24}},"loc":{"start":{"line":47,"column":29},"end":{"line":124,"column":1}},"line":47},"4":{"name":"(anonymous_4)","decl":{"start":{"line":49,"column":16},"end":{"line":49,"column":17}},"loc":{"start":{"line":49,"column":22},"end":{"line":62,"column":5}},"line":49},"5":{"name":"(anonymous_5)","decl":{"start":{"line":65,"column":16},"end":{"line":65,"column":17}},"loc":{"start":{"line":65,"column":22},"end":{"line":108,"column":5}},"line":65},"6":{"name":"(anonymous_6)","decl":{"start":{"line":111,"column":16},"end":{"line":111,"column":17}},"loc":{"start":{"line":111,"column":22},"end":{"line":123,"column":5}},"line":111},"7":{"name":"(anonymous_7)","decl":{"start":{"line":118,"column":43},"end":{"line":118,"column":44}},"loc":{"start":{"line":118,"column":48},"end":{"line":118,"column":89}},"line":118},"8":{"name":"(anonymous_8)","decl":{"start":{"line":127,"column":19},"end":{"line":127,"column":20}},"loc":{"start":{"line":127,"column":25},"end":{"line":127,"column":35}},"line":127}},"branchMap":{"0":{"loc":{"start":{"line":2,"column":4},"end":{"line":2,"column":35}},"type":"if","locations":[{"start":{"line":2,"column":4},"end":{"line":2,"column":35}},{"start":{},"end":{}}],"line":2},"1":{"loc":{"start":{"line":3,"column":4},"end":{"line":3,"column":37}},"type":"if","locations":[{"start":{"line":3,"column":4},"end":{"line":3,"column":37}},{"start":{},"end":{}}],"line":3},"2":{"loc":{"start":{"line":4,"column":4},"end":{"line":4,"column":34}},"type":"if","locations":[{"start":{"line":4,"column":4},"end":{"line":4,"column":34}},{"start":{},"end":{}}],"line":4},"3":{"loc":{"start":{"line":52,"column":8},"end":{"line":52,"column":58}},"type":"if","locations":[{"start":{"line":52,"column":8},"end":{"line":52,"column":58}},{"start":{},"end":{}}],"line":52},"4":{"loc":{"start":{"line":57,"column":8},"end":{"line":57,"column":37}},"type":"if","locations":[{"start":{"line":57,"column":8},"end":{"line":57,"column":37}},{"start":{},"end":{}}],"line":57},"5":{"loc":{"start":{"line":58,"column":8},"end":{"line":58,"column":39}},"type":"if","locations":[{"start":{"line":58,"column":8},"end":{"line":58,"column":39}},{"start":{},"end":{}}],"line":58},"6":{"loc":{"start":{"line":66,"column":8},"end":{"line":66,"column":37}},"type":"if","locations":[{"start":{"line":66,"column":8},"end":{"line":66,"column":37}},{"start":{},"end":{}}],"line":66},"7":{"loc":{"start":{"line":72,"column":8},"end":{"line":78,"column":9}},"type":"if","locations":[{"start":{"line":72,"column":8},"end":{"line":78,"column":9}},{"start":{},"end":{}}],"line":72},"8":{"loc":{"start":{"line":88,"column":8},"end":{"line":90,"column":9}},"type":"if","locations":[{"start":{"line":88,"column":8},"end":{"line":90,"column":9}},{"start":{},"end":{}}],"line":88},"9":{"loc":{"start":{"line":88,"column":12},"end":{"line":88,"column":48}},"type":"binary-expr","locations":[{"start":{"line":88,"column":12},"end":{"line":88,"column":32}},{"start":{"line":88,"column":36},"end":{"line":88,"column":48}}],"line":88},"10":{"loc":{"start":{"line":95,"column":8},"end":{"line":98,"column":9}},"type":"if","locations":[{"start":{"line":95,"column":8},"end":{"line":98,"column":9}},{"start":{},"end":{}}],"line":95},"11":{"loc":{"start":{"line":102,"column":8},"end":{"line":107,"column":9}},"type":"if","locations":[{"start":{"line":102,"column":8},"end":{"line":107,"column":9}},{"start":{"line":105,"column":15},"end":{"line":107,"column":9}}],"line":102},"12":{"loc":{"start":{"line":118,"column":48},"end":{"line":118,"column":89}},"type":"binary-expr","locations":[{"start":{"line":118,"column":48},"end":{"line":118,"column":65}},{"start":{"line":118,"column":69},"end":{"line":118,"column":89}}],"line":118}},"s":{"0":2,"1":0,"2":0,"3":0,"4":0,"5":0,"6":0,"7":0,"8":2,"9":2,"10":2,"11":2,"12":8,"13":8,"14":8,"15":8,"16":8,"17":8,"18":8,"19":8,"20":8,"21":8,"22":2,"23":2,"24":2,"25":2,"26":2,"27":2,"28":2,"29":2,"30":2,"31":0,"32":0,"33":0,"34":0,"35":0,"36":0,"37":0,"38":0,"39":0,"40":0,"41":0,"42":0,"43":0,"44":0,"45":0,"46":0,"47":0,"48":0,"49":0,"50":0,"51":0,"52":0,"53":0,"54":0,"55":0,"56":0,"57":0,"58":0,"59":0,"60":0,"61":0,"62":0,"63":0,"64":0,"65":0,"66":0,"67":0,"68":0,"69":0,"70":0,"71":0,"72":0,"73":0,"74":0,"75":0,"76":0,"77":2,"78":5},"f":{"0":0,"1":2,"2":8,"3":0,"4":0,"5":0,"6":0,"7":0,"8":5},"b":{"0":[0,0],"1":[0,0],"2":[0,0],"3":[0,0],"4":[0,0],"5":[0,0],"6":[0,0],"7":[0,0],"8":[0,0],"9":[0,0],"10":[0,0],"11":[0,0],"12":[0,0]},"_coverageSchema":"1a1c01bbd47fc00a2c39e90264f33305004495a9","hash":"4da6b03a2448e7f0011096d1a1536470f29a8e3c"}
,"C:\\Users\\91970\\satvik\\study\\coding\\WORKSHOPS AND HACKATHON\\promptwars\\promptwars\\backend\\src\\services\\store.js": {"path":"C:\\Users\\91970\\satvik\\study\\coding\\WORKSHOPS AND HACKATHON\\promptwars\\promptwars\\backend\\src\\services\\store.js","statementMap":{"0":{"start":{"line":2,"column":14},"end":{"line":77,"column":1}},"1":{"start":{"line":79,"column":0},"end":{"line":79,"column":23}}},"fnMap":{},"branchMap":{},"s":{"0":2,"1":2},"f":{},"b":{},"_coverageSchema":"1a1c01bbd47fc00a2c39e90264f33305004495a9","hash":"988376e2f5d575bc8f69aaaade974dcfc9d59155"}
}
