TN:
SF:src\app.js
FN:28,(anonymous_0)
FN:40,(anonymous_1)
FNF:2
FNH:1
FNDA:2,(anonymous_0)
FNDA:0,(anonymous_1)
DA:1,2
DA:2,2
DA:3,2
DA:4,2
DA:5,2
DA:6,2
DA:7,2
DA:8,2
DA:10,2
DA:17,2
DA:18,2
DA:19,2
DA:20,2
DA:23,2
DA:24,0
DA:28,2
DA:29,2
DA:30,2
DA:31,2
DA:36,2
DA:37,2
DA:40,2
DA:41,0
DA:44,2
LF:24
LH:22
BRDA:23,0,0,0
BRDA:23,0,1,2
BRF:2
BRH:1
end_of_record
TN:
SF:src\routes\platform.js
FN:13,(anonymous_0)
FN:20,(anonymous_1)
FN:21,(anonymous_2)
FN:29,(anonymous_3)
FN:41,(anonymous_4)
FN:43,(anonymous_5)
FN:48,(anonymous_6)
FN:49,(anonymous_7)
FN:57,(anonymous_8)
FN:72,(anonymous_9)
FN:76,(anonymous_10)
FN:84,(anonymous_11)
FN:85,(anonymous_12)
FN:89,(anonymous_13)
FN:92,(anonymous_14)
FN:106,(anonymous_15)
FN:126,(anonymous_16)
FN:131,(anonymous_17)
FNF:18
FNH:4
FNDA:2,(anonymous_0)
FNDA:1,(anonymous_1)
FNDA:1,(anonymous_2)
FNDA:1,(anonymous_3)
FNDA:0,(anonymous_4)
FNDA:0,(anonymous_5)
FNDA:0,(anonymous_6)
FNDA:0,(anonymous_7)
FNDA:0,(anonymous_8)
FNDA:0,(anonymous_9)
FNDA:0,(anonymous_10)
FNDA:0,(anonymous_11)
FNDA:0,(anonymous_12)
FNDA:0,(anonymous_13)
FNDA:0,(anonymous_14)
FNDA:0,(anonymous_15)
FNDA:0,(anonymous_16)
FNDA:0,(anonymous_17)
DA:1,2
DA:2,2
DA:3,2
DA:4,2
DA:5,2
DA:7,2
DA:13,2
DA:14,2
DA:15,2
DA:16,1
DA:20,2
DA:21,1
DA:22,1
DA:25,2
DA:30,1
DA:32,1
DA:37,1
DA:38,1
DA:41,2
DA:42,0
DA:43,0
DA:44,0
DA:48,2
DA:49,0
DA:50,0
DA:53,2
DA:58,0
DA:60,0
DA:68,0
DA:69,0
DA:72,2
DA:73,0
DA:74,0
DA:76,0
DA:77,0
DA:79,0
DA:80,0
DA:84,2
DA:85,0
DA:86,0
DA:89,2
DA:90,0
DA:91,0
DA:92,0
DA:93,0
DA:94,0
DA:95,0
DA:99,2
DA:107,0
DA:110,0
DA:121,0
DA:122,0
DA:126,2
DA:127,0
DA:131,2
DA:133,0
DA:137,0
DA:138,0
DA:145,0
DA:146,0
DA:147,0
DA:149,0
DA:152,2
LF:63
LH:28
BRDA:15,0,0,1
BRDA:15,0,1,1
BRDA:64,1,0,0
BRDA:64,1,1,0
BRDA:77,2,0,0
BRDA:77,2,1,0
BRDA:93,3,0,0
BRDA:93,3,1,0
BRF:8
BRH:2
end_of_record
TN:
SF:src\routes\status.js
FN:7,(anonymous_0)
FN:17,(anonymous_1)
FNF:2
FNH:2
FNDA:2,(anonymous_0)
FNDA:3,(anonymous_1)
DA:1,2
DA:2,2
DA:3,2
DA:4,2
DA:7,2
DA:8,2
DA:9,2
DA:10,2
DA:12,0
DA:17,2
DA:18,3
DA:19,3
DA:20,3
DA:21,3
DA:22,3
DA:27,0
DA:31,2
LF:17
LH:15
BRF:0
BRH:0
end_of_record
TN:
SF:src\services\ai_engine.js
FN:7,(anonymous_0)
FN:21,(anonymous_1)
FN:37,(anonymous_2)
FN:38,(anonymous_3)
FNF:4
FNH:4
FNDA:3,(anonymous_0)
FNDA:3,(anonymous_1)
FNDA:135,(anonymous_2)
FNDA:63,(anonymous_3)
DA:1,2
DA:2,2
DA:3,2
DA:5,2
DA:7,2
DA:8,3
DA:9,2
DA:10,2
DA:11,2
DA:12,2
DA:13,2
DA:15,0
DA:16,0
DA:21,2
DA:22,3
DA:25,3
DA:26,0
DA:32,3
DA:33,3
DA:34,3
DA:36,3
DA:37,135
DA:38,63
DA:41,3
DA:53,3
DA:54,3
DA:56,3
DA:61,0
DA:62,0
DA:66,2
LF:30
LH:25
BRDA:8,0,0,1
BRDA:8,0,1,2
BRDA:25,1,0,0
BRDA:25,1,1,3
BRDA:43,2,0,3
BRDA:43,2,1,3
BRDA:57,3,0,3
BRDA:57,3,1,0
BRF:8
BRH:6
end_of_record
TN:
SF:src\services\simulator.js
FN:1,(anonymous_0)
FN:8,(anonymous_1)
FN:17,(anonymous_2)
FN:47,(anonymous_3)
FN:49,(anonymous_4)
FN:65,(anonymous_5)
FN:111,(anonymous_6)
FN:118,(anonymous_7)
FN:127,(anonymous_8)
FNF:9
FNH:3
FNDA:0,(anonymous_0)
FNDA:2,(anonymous_1)
FNDA:8,(anonymous_2)
FNDA:0,(anonymous_3)
FNDA:0,(anonymous_4)
FNDA:0,(anonymous_5)
FNDA:0,(anonymous_6)
FNDA:0,(anonymous_7)
FNDA:5,(anonymous_8)
DA:1,2
DA:2,0
DA:3,0
DA:4,0
DA:5,0
DA:8,2
DA:9,2
DA:10,2
DA:17,2
DA:18,8
DA:19,8
DA:21,8
DA:22,8
DA:23,8
DA:24,8
DA:26,8
DA:27,8
DA:29,8
DA:30,8
DA:33,2
DA:34,2
DA:35,2
DA:36,2
DA:38,2
DA:40,2
DA:43,2
DA:45,2
DA:47,2
DA:49,0
DA:50,0
DA:51,0
DA:52,0
DA:54,0
DA:55,0
DA:57,0
DA:58,0
DA:60,0
DA:61,0
DA:65,0
DA:66,0
DA:69,0
DA:72,0
DA:73,0
DA:74,0
DA:75,0
DA:76,0
DA:77,0
DA:81,0
DA:82,0
DA:84,0
DA:85,0
DA:88,0
DA:89,0
DA:92,0
DA:94,0
DA:95,0
DA:96,0
DA:97,0
DA:99,0
DA:102,0
DA:103,0
DA:104,0
DA:106,0
DA:111,0
DA:112,0
DA:113,0
DA:114,0
DA:118,0
DA:119,0
DA:126,2
DA:127,5
LF:71
LH:26
BRDA:2,0,0,0
BRDA:2,0,1,0
BRDA:3,1,0,0
BRDA:3,1,1,0
BRDA:4,2,0,0
BRDA:4,2,1,0
BRDA:52,3,0,0
BRDA:52,3,1,0
BRDA:57,4,0,0
BRDA:57,4,1,0
BRDA:58,5,0,0
BRDA:58,5,1,0
BRDA:66,6,0,0
BRDA:66,6,1,0
BRDA:72,7,0,0
BRDA:72,7,1,0
BRDA:88,8,0,0
BRDA:88,8,1,0
BRDA:88,9,0,0
BRDA:88,9,1,0
BRDA:95,10,0,0
BRDA:95,10,1,0
BRDA:102,11,0,0
BRDA:102,11,1,0
BRDA:118,12,0,0
BRDA:118,12,1,0
BRF:26
BRH:0
end_of_record
TN:
SF:src\services\store.js
FNF:0
FNH:0
DA:2,2
DA:79,2
LF:2
LH:2
BRF:0
BRH:0
end_of_record
